
- Se usará el archivo de configuración [C:\DESA\PLASTIC\FILENAME_CAPS.CFG]
- Se encontró la máscara: [filemask=README.ini:M.M]
- Se encontró la máscara: [filemask=*.*:N.L]
- El archivo se debe renombrar a [C:\DESA\test2\TEST.lbt]
  => Se renombrará a [C:\DESA\test2\TEST.lbt]
- Se usará el archivo de configuración [C:\DESA\PLASTIC\FILENAME_CAPS.CFG]
- Se encontró la máscara: [filemask=README.ini:M.M]
- Se encontró la máscara: [filemask=*.*:N.L]
- El archivo se debe renombrar a [C:\DESA\test2\test.cdx]
  => Se renombrará a [C:\DESA\test2\test.cdx]
- Se usará el archivo de configuración [C:\DESA\PLASTIC\FILENAME_CAPS.CFG]
- Se encontró la máscara: [filemask=README.ini:M.M]
- Se encontró la máscara: [filemask=*.*:N.L]
- El archivo se debe renombrar a [C:\DESA\test2\test.db2]
  => No se renombrará a [C:\DESA\test2\test.db2] porque ya estaba correcto.
- Se usará el archivo de configuración [C:\DESA\PLASTIC\FILENAME_CAPS.CFG]
- Se encontró la máscara: [filemask=README.ini:M.M]
- Se encontró la máscara: [filemask=*.*:N.L]
- El archivo se debe renombrar a [C:\DESA\test2\test.dbf]
  => No se renombrará a [C:\DESA\test2\test.dbf] porque ya estaba correcto.
- Se usará el archivo de configuración [C:\DESA\PLASTIC\FILENAME_CAPS.CFG]
- Se encontró la máscara: [filemask=README.ini:M.M]
- Se encontró la máscara: [filemask=*.*:N.L]
- El archivo se debe renombrar a [C:\DESA\test2\TEST.fr2]
  => No se renombrará a [C:\DESA\test2\TEST.fr2] porque ya estaba correcto.
- Se usará el archivo de configuración [C:\DESA\PLASTIC\FILENAME_CAPS.CFG]
- Se encontró la máscara: [filemask=README.ini:M.M]
- Se encontró la máscara: [filemask=*.*:N.L]
- El archivo se debe renombrar a [C:\DESA\test2\TEST.frt]
  => Se renombrará a [C:\DESA\test2\TEST.frt]
- Se usará el archivo de configuración [C:\DESA\PLASTIC\FILENAME_CAPS.CFG]
- Se encontró la máscara: [filemask=README.ini:M.M]
- Se encontró la máscara: [filemask=*.*:N.L]
- El archivo se debe renombrar a [C:\DESA\test2\TEST.frx]
  => Se renombrará a [C:\DESA\test2\TEST.frx]
- Se usará el archivo de configuración [C:\DESA\PLASTIC\FILENAME_CAPS.CFG]
- Se encontró la máscara: [filemask=README.ini:M.M]
- Se encontró la máscara: [filemask=*.*:N.L]
- El archivo se debe renombrar a [C:\DESA\test2\TEST.fxp]
  => Se renombrará a [C:\DESA\test2\TEST.fxp]
- Se usará el archivo de configuración [C:\DESA\PLASTIC\FILENAME_CAPS.CFG]
- Se encontró la máscara: [filemask=README.ini:M.M]
- Se encontró la máscara: [filemask=*.*:N.L]
- El archivo se debe renombrar a [C:\DESA\test2\TEST.lb2]
  => No se renombrará a [C:\DESA\test2\TEST.lb2] porque ya estaba correcto.
- Se usará el archivo de configuración [C:\DESA\PLASTIC\FILENAME_CAPS.CFG]
- Se encontró la máscara: [filemask=README.ini:M.M]
- Se encontró la máscara: [filemask=*.*:N.L]
- El archivo se debe renombrar a [C:\DESA\test2\TEST.lbt]
  => No se renombrará a [C:\DESA\test2\TEST.lbt] porque ya estaba correcto.
- Se usará el archivo de configuración [C:\DESA\PLASTIC\FILENAME_CAPS.CFG]
- Se encontró la máscara: [filemask=README.ini:M.M]
- Se encontró la máscara: [filemask=*.*:N.L]
- El archivo se debe renombrar a [C:\DESA\test2\TEST.lbx]
  => Se renombrará a [C:\DESA\test2\TEST.lbx]
- Se usará el archivo de configuración [C:\DESA\PLASTIC\FILENAME_CAPS.CFG]
- Se encontró la máscara: [filemask=README.ini:M.M]
- Se encontró la máscara: [filemask=*.*:N.L]
- El archivo se debe renombrar a [C:\DESA\test2\test.pj2]
  => No se renombrará a [C:\DESA\test2\test.pj2] porque ya estaba correcto.
- Se usará el archivo de configuración [C:\DESA\PLASTIC\FILENAME_CAPS.CFG]
- Se encontró la máscara: [filemask=README.ini:M.M]
- Se encontró la máscara: [filemask=*.*:N.L]
- El archivo se debe renombrar a [C:\DESA\test2\test.pjt]
  => Se renombrará a [C:\DESA\test2\test.pjt]
- Se usará el archivo de configuración [C:\DESA\PLASTIC\FILENAME_CAPS.CFG]
- Se encontró la máscara: [filemask=README.ini:M.M]
- Se encontró la máscara: [filemask=*.*:N.L]
- El archivo se debe renombrar a [C:\DESA\test2\test.pjx]
  => Se renombrará a [C:\DESA\test2\test.pjx]
- Se usará el archivo de configuración [C:\DESA\PLASTIC\FILENAME_CAPS.CFG]
- Se encontró la máscara: [filemask=README.ini:M.M]
- Se encontró la máscara: [filemask=*.*:N.L]
- El archivo se debe renombrar a [C:\DESA\test2\TEST.prg]
  => Se renombrará a [C:\DESA\test2\TEST.prg]
- Se usará el archivo de configuración [C:\DESA\PLASTIC\FILENAME_CAPS.CFG]
- Se encontró la máscara: [filemask=README.ini:M.M]
- Se encontró la máscara: [filemask=*.*:N.L]
- El archivo se debe renombrar a [C:\DESA\test2\test.sc2]
  => No se renombrará a [C:\DESA\test2\test.sc2] porque ya estaba correcto.
- Se usará el archivo de configuración [C:\DESA\PLASTIC\FILENAME_CAPS.CFG]
- Se encontró la máscara: [filemask=README.ini:M.M]
- Se encontró la máscara: [filemask=*.*:N.L]
- El archivo se debe renombrar a [C:\DESA\test2\test.sct]
  => Se renombrará a [C:\DESA\test2\test.sct]
- Se usará el archivo de configuración [C:\DESA\PLASTIC\FILENAME_CAPS.CFG]
- Se encontró la máscara: [filemask=README.ini:M.M]
- Se encontró la máscara: [filemask=*.*:N.L]
- El archivo se debe renombrar a [C:\DESA\test2\test.scx]
  => No se renombrará a [C:\DESA\test2\test.scx] porque ya estaba correcto.
- Se usará el archivo de configuración [C:\DESA\PLASTIC\FILENAME_CAPS.CFG]
- Se encontró la máscara: [filemask=README.ini:M.M]
- Se encontró la máscara: [filemask=*.*:N.L]
- El archivo se debe renombrar a [C:\DESA\test2\test.vc2]
  => No se renombrará a [C:\DESA\test2\test.vc2] porque ya estaba correcto.
- Se usará el archivo de configuración [C:\DESA\PLASTIC\FILENAME_CAPS.CFG]
- Se encontró la máscara: [filemask=README.ini:M.M]
- Se encontró la máscara: [filemask=*.*:N.L]
- El archivo se debe renombrar a [C:\DESA\test2\test.vct]
  => Se renombrará a [C:\DESA\test2\test.vct]
- Se usará el archivo de configuración [C:\DESA\PLASTIC\FILENAME_CAPS.CFG]
- Se encontró la máscara: [filemask=README.ini:M.M]
- Se encontró la máscara: [filemask=*.*:N.L]
- El archivo se debe renombrar a [C:\DESA\test2\test.vcx]
  => Se renombrará a [C:\DESA\test2\test.vcx]
- Se usará el archivo de configuración [C:\DESA\PLASTIC\FILENAME_CAPS.CFG]
- Se encontró la máscara: [filemask=README.ini:M.M]
- Se encontró la máscara: [filemask=*.*:N.L]
- El archivo se debe renombrar a [C:\DESA\test2\.plastic\plastic.selector]
  => No se renombrará a [C:\DESA\test2\.plastic\plastic.selector] porque ya estaba correcto.
- Se usará el archivo de configuración [C:\DESA\PLASTIC\FILENAME_CAPS.CFG]
- Se encontró la máscara: [filemask=README.ini:M.M]
- Se encontró la máscara: [filemask=*.*:N.L]
- El archivo se debe renombrar a [C:\DESA\test2\.plastic\plastic.wktree]
  => No se renombrará a [C:\DESA\test2\.plastic\plastic.wktree] porque ya estaba correcto.
- Se usará el archivo de configuración [C:\DESA\PLASTIC\FILENAME_CAPS.CFG]
- Se encontró la máscara: [filemask=README.ini:M.M]
- Se encontró la máscara: [filemask=*.*:N.L]
- El archivo se debe renombrar a [C:\DESA\test2\.plastic\plastic.workspace]
  => No se renombrará a [C:\DESA\test2\.plastic\plastic.workspace] porque ya estaba correcto.
- Se usará el archivo de configuración [C:\DESA\PLASTIC\FILENAME_CAPS.CFG]
- Se encontró la máscara: [filemask=README.ini:M.M]
- Se encontró la máscara: [filemask=*.*:N.L]
- El archivo se debe renombrar a [C:\DESA\test2\CONFIG\config.fpw]
  => No se renombrará a [C:\DESA\test2\CONFIG\config.fpw] porque ya estaba correcto.
- Se usará el archivo de configuración [C:\DESA\PLASTIC\FILENAME_CAPS.CFG]
- Se encontró la máscara: [filemask=README.ini:M.M]
- Se encontró la máscara: [filemask=*.*:N.L]
- El archivo se debe renombrar a [C:\DESA\FileName_Caps\filename_caps.7z]
  => No se renombrará a [C:\DESA\FileName_Caps\filename_caps.7z] porque ya estaba correcto.
- Se usará el archivo de configuración [C:\DESA\PLASTIC\FILENAME_CAPS.CFG]
- Se encontró la máscara: [filemask=README.ini:M.M]
- Se encontró la máscara: [filemask=*.*:N.L]
- El archivo se debe renombrar a [C:\DESA\FileName_Caps\filename_caps.bak]
  => Se renombrará a [C:\DESA\FileName_Caps\filename_caps.bak]
- Se usará el archivo de configuración [C:\DESA\PLASTIC\FILENAME_CAPS.CFG]
- Se encontró la máscara: [filemask=README.ini:M.M]
- Se encontró la máscara: [filemask=*.*:N.L]
- El archivo se debe renombrar a [C:\DESA\FileName_Caps\filename_caps.cfg]
  => No se renombrará a [C:\DESA\FileName_Caps\filename_caps.cfg] porque ya estaba correcto.
- Se usará el archivo de configuración [C:\DESA\PLASTIC\FILENAME_CAPS.CFG]
- Se encontró la máscara: [filemask=README.ini:M.M]
- Se encontró la máscara: [filemask=*.*:N.L]
- El archivo se debe renombrar a [C:\DESA\FileName_Caps\filename_caps.exe]
  => No se renombrará a [C:\DESA\FileName_Caps\filename_caps.exe] porque ya estaba correcto.
- Se usará el archivo de configuración [C:\DESA\PLASTIC\FILENAME_CAPS.CFG]
- Se encontró la máscara: [filemask=README.ini:M.M]
- Se encontró la máscara: [filemask=*.*:N.L]
- El archivo se debe renombrar a [C:\DESA\FileName_Caps\filename_caps.fxp]
  => Se renombrará a [C:\DESA\FileName_Caps\filename_caps.fxp]
- Se usará el archivo de configuración [C:\DESA\PLASTIC\FILENAME_CAPS.CFG]
- Se encontró la máscara: [filemask=README.ini:M.M]
- Se encontró la máscara: [filemask=*.*:N.L]
- El archivo se debe renombrar a [C:\DESA\FileName_Caps\filename_caps.pj2]
  => No se renombrará a [C:\DESA\FileName_Caps\filename_caps.pj2] porque ya estaba correcto.
- Se usará el archivo de configuración [C:\DESA\PLASTIC\FILENAME_CAPS.CFG]
- Se encontró la máscara: [filemask=README.ini:M.M]
- Se encontró la máscara: [filemask=*.*:N.L]
- El archivo se debe renombrar a [C:\DESA\FileName_Caps\filename_caps.log]
  => No se renombrará a [C:\DESA\FileName_Caps\filename_caps.log] porque ya estaba correcto.
- Se usará el archivo de configuración [C:\DESA\PLASTIC\FILENAME_CAPS.CFG]
- Se encontró la máscara: [filemask=README.ini:M.M]
- Se encontró la máscara: [filemask=*.*:N.L]
- El archivo se debe renombrar a [C:\DESA\FileName_Caps\Filename_caps.pjt]
  => Se renombrará a [C:\DESA\FileName_Caps\Filename_caps.pjt]
- Se usará el archivo de configuración [C:\DESA\PLASTIC\FILENAME_CAPS.CFG]
- Se encontró la máscara: [filemask=README.ini:M.M]
- Se encontró la máscara: [filemask=*.*:N.L]
- El archivo se debe renombrar a [C:\DESA\FileName_Caps\Filename_caps.pjx]
  => Se renombrará a [C:\DESA\FileName_Caps\Filename_caps.pjx]
- Se usará el archivo de configuración [C:\DESA\PLASTIC\FILENAME_CAPS.CFG]
- Se encontró la máscara: [filemask=README.ini:M.M]
- Se encontró la máscara: [filemask=*.*:N.L]
- El archivo se debe renombrar a [C:\DESA\FileName_Caps\filename_caps.log]
  => No se renombrará a [C:\DESA\FileName_Caps\filename_caps.log] porque ya estaba correcto.
- Se usará el archivo de configuración [C:\DESA\PLASTIC\FILENAME_CAPS.CFG]
- Se encontró la máscara: [filemask=README.ini:M.M]
- Se encontró la máscara: [filemask=*.*:N.L]
- El archivo se debe renombrar a [C:\DESA\FileName_Caps\filename_caps.prg]
  => No se renombrará a [C:\DESA\FileName_Caps\filename_caps.prg] porque ya estaba correcto.
- Se usará el archivo de configuración [C:\DESA\PLASTIC\FILENAME_CAPS.CFG]
- Se encontró la máscara: [filemask=README.ini:M.M]
- Se encontró la máscara: [filemask=*.*:N.L]
- El archivo se debe renombrar a [C:\DESA\FileName_Caps\Normalize_FileNames.vbs]
  => No se renombrará a [C:\DESA\FileName_Caps\Normalize_FileNames.vbs] porque ya estaba correcto.
- Se usará el archivo de configuración [C:\DESA\PLASTIC\FILENAME_CAPS.CFG]
- Se encontró la máscara: [filemask=README.ini:M.M]
- Se encontró la máscara: [filemask=*.*:N.L]
- El archivo se debe renombrar a [C:\DESA\FileName_Caps\vfp_init.fxp]
  => Se renombrará a [C:\DESA\FileName_Caps\vfp_init.fxp]
- Se usará el archivo de configuración [C:\DESA\PLASTIC\FILENAME_CAPS.CFG]
- Se encontró la máscara: [filemask=README.ini:M.M]
- Se encontró la máscara: [filemask=*.*:N.L]
- El archivo se debe renombrar a [C:\DESA\FileName_Caps\vfp_init.prg]
  => Se renombrará a [C:\DESA\FileName_Caps\vfp_init.prg]
- Se usará el archivo de configuración [C:\DESA\PLASTIC\FILENAME_CAPS.CFG]
- Se encontró la máscara: [filemask=README.ini:M.M]
- Se encontró la máscara: [filemask=*.*:N.L]
- El archivo se debe renombrar a [C:\DESA\FileName_Caps\_Iniciar Aqui.lnk]
  => No se renombrará a [C:\DESA\FileName_Caps\_Iniciar Aqui.lnk] porque ya estaba correcto.
- Se usará el archivo de configuración [C:\DESA\PLASTIC\FILENAME_CAPS.CFG]
- Se encontró la máscara: [filemask=README.ini:M.M]
- Se encontró la máscara: [filemask=*.*:N.L]
- El archivo se debe renombrar a [C:\DESA\FileName_Caps\.plastic\plastic.changes]
  => No se renombrará a [C:\DESA\FileName_Caps\.plastic\plastic.changes] porque ya estaba correcto.
- Se usará el archivo de configuración [C:\DESA\PLASTIC\FILENAME_CAPS.CFG]
- Se encontró la máscara: [filemask=README.ini:M.M]
- Se encontró la máscara: [filemask=*.*:N.L]
- El archivo se debe renombrar a [C:\DESA\FileName_Caps\.plastic\plastic.selector]
  => No se renombrará a [C:\DESA\FileName_Caps\.plastic\plastic.selector] porque ya estaba correcto.
- Se usará el archivo de configuración [C:\DESA\PLASTIC\FILENAME_CAPS.CFG]
- Se encontró la máscara: [filemask=README.ini:M.M]
- Se encontró la máscara: [filemask=*.*:N.L]
- El archivo se debe renombrar a [C:\DESA\FileName_Caps\.plastic\plastic.wktree]
  => No se renombrará a [C:\DESA\FileName_Caps\.plastic\plastic.wktree] porque ya estaba correcto.
- Se usará el archivo de configuración [C:\DESA\PLASTIC\FILENAME_CAPS.CFG]
- Se encontró la máscara: [filemask=README.ini:M.M]
- Se encontró la máscara: [filemask=*.*:N.L]
- El archivo se debe renombrar a [C:\DESA\FileName_Caps\.plastic\plastic.workspace]
  => No se renombrará a [C:\DESA\FileName_Caps\.plastic\plastic.workspace] porque ya estaba correcto.
- Se usará el archivo de configuración [C:\DESA\PLASTIC\FILENAME_CAPS.CFG]
- Se encontró la máscara: [filemask=README.ini:M.M]
- Se encontró la máscara: [filemask=*.*:N.L]
- El archivo se debe renombrar a [C:\DESA\FileName_Caps\CONFIG\config.fpw]
  => No se renombrará a [C:\DESA\FileName_Caps\CONFIG\config.fpw] porque ya estaba correcto.
- Se usará el archivo de configuración [C:\DESA\PLASTIC\FILENAME_CAPS.CFG]
- Se encontró la máscara: [filemask=README.ini:M.M]
- Se encontró la máscara: [filemask=*.*:N.L]
- El archivo se debe renombrar a [C:\DESA\FileName_Caps\Filename_caps.pj2]
  => Se renombrará a [C:\DESA\FileName_Caps\Filename_caps.pj2]
- Se usará el archivo de configuración [C:\DESA\PLASTIC\FILENAME_CAPS.CFG]
- Se encontró la máscara: [filemask=README.ini:M.M]
- Se encontró la máscara: [filemask=*.*:N.L]
- El archivo se debe renombrar a [C:\DESA\Plastic\FoxProDiff.pj2]
  => Se renombrará a [C:\DESA\Plastic\FoxProDiff.pj2]
- Se usará el archivo de configuración [C:\DESA\PLASTIC\FILENAME_CAPS.CFG]
- Se encontró la máscara: [filemask=README.ini:M.M]
- Se encontró la máscara: [filemask=*.*:N.L]
- El archivo se debe renombrar a [C:\DESA\Plastic\FoxProDiff.pjx]
  => No se renombrará a [C:\DESA\Plastic\FoxProDiff.pjx] porque ya estaba correcto.
- Se usará el archivo de configuración [C:\DESA\PLASTIC\FILENAME_CAPS.CFG]
- Se encontró la máscara: [filemask=README.ini:M.M]
- Se encontró la máscara: [filemask=*.*:N.L]
- El archivo se debe renombrar a [C:\DESA\Plastic\FoxProDiff.pjt]
  => No se renombrará a [C:\DESA\Plastic\FoxProDiff.pjt] porque ya estaba correcto.
- Se usará el archivo de configuración [C:\DESA\PLASTIC\FILENAME_CAPS.CFG]
- Se encontró la máscara: [filemask=README.ini:M.M]
- Se encontró la máscara: [filemask=*.*:N.L]
- El archivo se debe renombrar a [C:\DESA\foxbin2prg\foxbin2prg.pj2]
  => No se renombrará a [C:\DESA\foxbin2prg\foxbin2prg.pj2] porque ya estaba correcto.